#
# A fatal error has been detected by the Java Runtime Environment:
#
#  SIGSEGV (0xb) at pc=0x00007f4ce0e4f63b, pid=23021, tid=139967529408256
#
# JRE version: OpenJDK Runtime Environment (8.0_71-b15) (build 1.8.0_71-b15)
# Java VM: OpenJDK 64-Bit Server VM (25.71-b15 mixed mode linux-amd64 compressed oops)
# Problematic frame:
# V  [libjvm.so+0x8d063b]
#
# Failed to write core dump. Core dumps have been disabled. To enable core dumping, try "ulimit -c unlimited" before starting Java again
#
# If you would like to submit a bug report, please visit:
#   http://bugreport.java.com/bugreport/crash.jsp
#

---------------  T H R E A D  ---------------

Current thread (0x00007f4cdc21b000):  JavaThread "C2 CompilerThread2" daemon [_thread_in_native, id=23087, stack(0x00007f4cbaced000,0x00007f4cbadee000)]

siginfo: si_signo: 11 (SIGSEGV), si_code: 1 (SEGV_MAPERR), si_addr: 0x00007f4cf0a8c03a

Registers:
RAX=0x00007f4ce1478fc8, RBX=0x00007f4cbadeae60, RCX=0x0000000000000001, RDX=0x000000000000000b
RSP=0x00007f4cbadead80, RBP=0x00007f4cbadeadf0, RSI=0x0000000000000000, RDI=0x00007f4cbadeae60
R8 =0x00007f4cbadeb070, R9 =0x0000000000000005, R10=0x00007f4c78049898, R11=0x0000003967683b2e
R12=0x00007f4c78049b58, R13=0x0000000000000000, R14=0x0000000000000000, R15=0x00007f4c78011ac8
RIP=0x00007f4ce0e4f63b, EFLAGS=0x0000000000010246, CSGSFS=0x0000000000000033, ERR=0x0000000000000004
  TRAPNO=0x000000000000000e

Top of Stack: (sp=0x00007f4cbadead80)
0x00007f4cbadead80:   0000000000000000 00007f4cbadeae60
0x00007f4cbadead90:   00007f4cbadeadc0 00007f4ce0b4b58c
0x00007f4cbadeada0:   00007f4c78049740 00007f4cbadeae60
0x00007f4cbadeadb0:   0000000000000000 0000000000000000
0x00007f4cbadeadc0:   00007f4cbadeadf0 00007f4cbadeae60
0x00007f4cbadeadd0:   00007f4c78049b58 0000000000000000
0x00007f4cbadeade0:   0000000000000000 00007f4c78011ac8
0x00007f4cbadeadf0:   00007f4cbadeae50 00007f4ce0e409b3
0x00007f4cbadeae00:   00007f4cbadeaeb0 00007f4ce09b129e
0x00007f4cbadeae10:   00007f4c6801c570 0000000000000000
0x00007f4cbadeae20:   00007f4cbadeaeb0 00007f4cbadebc70
0x00007f4cbadeae30:   00007f4cbadeae60 00007f4c68000f10
0x00007f4cbadeae40:   00007f4cbadebaf0 00007f4c780406b0
0x00007f4cbadeae50:   00007f4cbadeafe0 00007f4ce095e088
0x00007f4cbadeae60:   00007f4ce1438ed0 0000000000000001
0x00007f4cbadeae70:   00007f4cbadebc70 00007f4cbadec860
0x00007f4cbadeae80:   00007f4cbadeb070 00007f4c78049b58
0x00007f4cbadeae90:   0000000000000000 00007f4cffffffff
0x00007f4cbadeaea0:   00007f4c6801b260 00007f4c00000000
0x00007f4cbadeaeb0:   00007f4c68000f10 3f80000045b1e800
0x00007f4cbadeaec0:   00007f4c00000001 00007f4c780406b0
0x00007f4cbadeaed0:   00007f4cffffffff 00007f4c6801c200
0x00007f4cbadeaee0:   00007f4c70004820 00007f4c00000004
0x00007f4cbadeaef0:   00007f4ce14305b0 00007f4c00000001
0x00007f4cbadeaf00:   00007f4cbadebc70 00007f4cbadec860
0x00007f4cbadeaf10:   00007f4cbadeb070 00007f4c78049740
0x00007f4cbadeaf20:   0000000000000000 00007f4cffffffff
0x00007f4cbadeaf30:   0000000000000000 0000000000000000
0x00007f4cbadeaf40:   00007f4c00000000 0000000000000000
0x00007f4cbadeaf50:   0000000000000000 00007f4c6801b260
0x00007f4cbadeaf60:   00007f4cdc0116c0 0000000000000000
0x00007f4cbadeaf70:   0000000000000000 00007f4c68000f10 

Instructions: (pc=0x00007f4ce0e4f63b)
0x00007f4ce0e4f61b:   89 7d f8 48 83 ec 70 80 bf e2 00 00 00 00 75 1d
0x00007f4ce0e4f62b:   48 8b 5d d8 4c 8b 65 e0 4c 8b 6d e8 4c 8b 75 f0
0x00007f4ce0e4f63b:   4c 8b 3d f8 c9 c3 0f 1f 80 00 00 00 00 48 8b 7f
0x00007f4ce0e4f64b:   40 e8 bf 3f b4 ff 48 85 c0 0f 84 c6 01 00 00 48 

Register to memory mapping:

RAX=0x00007f4ce1478fc8: <offset 0xef9fc8> in /usr/lib/jvm/java-1.8.0-openjdk-1.8.0.71-1.b15.el6_7.x86_64/jre/lib/amd64/server/libjvm.so at 0x00007f4ce057f000
RBX=0x00007f4cbadeae60 is pointing into the stack for thread: 0x00007f4cdc21b000
RCX=0x0000000000000001 is an unknown value
RDX=0x000000000000000b is an unknown value
RSP=0x00007f4cbadead80 is pointing into the stack for thread: 0x00007f4cdc21b000
RBP=0x00007f4cbadeadf0 is pointing into the stack for thread: 0x00007f4cdc21b000
RSI=0x0000000000000000 is an unknown value
RDI=0x00007f4cbadeae60 is pointing into the stack for thread: 0x00007f4cdc21b000
R8 =0x00007f4cbadeb070 is pointing into the stack for thread: 0x00007f4cdc21b000
R9 =0x0000000000000005 is an unknown value
R10=0x00007f4c78049898 is an unknown value
R11=0x0000003967683b2e: <offset 0x83b2e> in /lib64/libc.so.6 at 0x0000003967600000
R12=0x00007f4c78049b58 is an unknown value
R13=0x0000000000000000 is an unknown value
R14=0x0000000000000000 is an unknown value
R15=0x00007f4c78011ac8 is an unknown value


Stack: [0x00007f4cbaced000,0x00007f4cbadee000],  sp=0x00007f4cbadead80,  free space=1015k
Native frames: (J=compiled Java code, j=interpreted, Vv=VM code, C=native code)
V  [libjvm.so+0x8d063b]
V  [libjvm.so+0x8c19b3]
V  [libjvm.so+0x3df088]
V  [libjvm.so+0x484b84]
V  [libjvm.so+0x3ddddb]
V  [libjvm.so+0x48b8e6]
V  [libjvm.so+0x48c987]
V  [libjvm.so+0x9d8625]
V  [libjvm.so+0x9d8880]
V  [libjvm.so+0x89db52]
C  [libpthread.so.0+0x7a51]


Current CompileTask:
C2:     54   29       4       java.lang.String::charAt (29 bytes)


---------------  P R O C E S S  ---------------

Java Threads: ( => current thread )
  0x00007f4cdc228000 JavaThread "Service Thread" daemon [_thread_blocked, id=23089, stack(0x00007f4cbaaeb000,0x00007f4cbabec000)]
  0x00007f4cdc21d000 JavaThread "C1 CompilerThread3" daemon [_thread_in_native, id=23088, stack(0x00007f4cbabec000,0x00007f4cbaced000)]
=>0x00007f4cdc21b000 JavaThread "C2 CompilerThread2" daemon [_thread_in_native, id=23087, stack(0x00007f4cbaced000,0x00007f4cbadee000)]
  0x00007f4cdc219800 JavaThread "C2 CompilerThread1" daemon [_thread_blocked, id=23086, stack(0x00007f4cbadee000,0x00007f4cbaeef000)]
  0x00007f4cdc20c000 JavaThread "C2 CompilerThread0" daemon [_thread_blocked, id=23085, stack(0x00007f4cbaeef000,0x00007f4cbaff0000)]
  0x00007f4cdc20a000 JavaThread "Signal Dispatcher" daemon [_thread_blocked, id=23084, stack(0x00007f4cbaff0000,0x00007f4cbb0f1000)]
  0x00007f4cdc1da800 JavaThread "Finalizer" daemon [_thread_blocked, id=23083, stack(0x00007f4cbb0f1000,0x00007f4cbb1f2000)]
  0x00007f4cdc1d8800 JavaThread "Reference Handler" daemon [_thread_blocked, id=23082, stack(0x00007f4cbb1f2000,0x00007f4cbb2f3000)]
  0x00007f4cdc009000 JavaThread "main" [_thread_in_Java, id=23072, stack(0x00007f4ce047e000,0x00007f4ce057f000)]

Other Threads:
  0x00007f4cdc1d3800 VMThread [stack: 0x00007f4cbb2f3000,0x00007f4cbb3f4000] [id=23081]
  0x00007f4cdc22a800 WatcherThread [stack: 0x00007f4cba9ea000,0x00007f4cbaaeb000] [id=23090]

VM state:not at safepoint (normal execution)

VM Mutex/Monitor currently owned by a thread: None

Heap:
 PSYoungGen      total 305664K, used 15728K [0x00000000eab00000, 0x0000000100000000, 0x0000000100000000)
  eden space 262144K, 6% used [0x00000000eab00000,0x00000000eba5c358,0x00000000fab00000)
  from space 43520K, 0% used [0x00000000fd580000,0x00000000fd580000,0x0000000100000000)
  to   space 43520K, 0% used [0x00000000fab00000,0x00000000fab00000,0x00000000fd580000)
 ParOldGen       total 699392K, used 0K [0x00000000c0000000, 0x00000000eab00000, 0x00000000eab00000)
  object space 699392K, 0% used [0x00000000c0000000,0x00000000c0000000,0x00000000eab00000)
 Metaspace       used 3005K, capacity 4600K, committed 4864K, reserved 1056768K
  class space    used 296K, capacity 424K, committed 512K, reserved 1048576K

Card table byte_map: [0x00007f4ccc629000,0x00007f4ccc82a000] byte_map_base: 0x00007f4ccc029000

Marking Bits: (ParMarkBitMap*) 0x00007f4ce1482c40
 Begin Bits: [0x00007f4cc9ccb000, 0x00007f4ccaccb000)
 End Bits:   [0x00007f4ccaccb000, 0x00007f4ccbccb000)

Polling page: 0x00007f4ce14c5000

CodeCache: size=245760Kb used=1109Kb max_used=1109Kb free=244650Kb
 bounds [0x00007f4cccbea000, 0x00007f4ccce5a000, 0x00007f4cdbbea000]
 total_blobs=268 nmethods=37 adapters=146
 compilation: enabled

Compilation events (10 events):
Event: 0.052 Thread 0x00007f4cdc21d000   26       3       java.lang.String::lastIndexOf (52 bytes)
Event: 0.052 Thread 0x00007f4cdc21d000 nmethod 26 0x00007f4ccccfb690 code [0x00007f4ccccfb820, 0x00007f4ccccfbba8]
Event: 0.052 Thread 0x00007f4cdc21d000   27       3       java.lang.String::startsWith (7 bytes)
Event: 0.052 Thread 0x00007f4cdc21d000 nmethod 27 0x00007f4ccccfbd10 code [0x00007f4ccccfbe80, 0x00007f4ccccfc088]
Event: 0.052 Thread 0x00007f4cdc21d000   25       3       java.util.Arrays::copyOf (19 bytes)
Event: 0.052 Thread 0x00007f4cdc21d000 nmethod 25 0x00007f4ccccfc110 code [0x00007f4ccccfc2a0, 0x00007f4ccccfc5c8]
Event: 0.052 Thread 0x00007f4cdc21d000   28       1       java.net.URL::getHost (5 bytes)
Event: 0.052 Thread 0x00007f4cdc21d000 nmethod 28 0x00007f4ccccfc6d0 code [0x00007f4ccccfc820, 0x00007f4ccccfc930]
Event: 0.052 Thread 0x00007f4cdc21b000   29       4       java.lang.String::charAt (29 bytes)
Event: 0.052 Thread 0x00007f4cdc21d000   30       3       java.util.HashMap::hash (20 bytes)

GC Heap History (0 events):
No events

Deoptimization events (0 events):
No events

Internal exceptions (2 events):
Event: 0.021 Thread 0x00007f4cdc009000 Exception <a 'java/lang/NoSuchMethodError': Method sun.misc.Unsafe.defineClass(Ljava/lang/String;[BII)Ljava/lang/Class; name or signature does not match> (0x00000000eab12c00) thrown at [/builddir/build/BUILD/java-1.8.0-openjdk-1.8.0.71-1.b15.el6_7.x86_64/
Event: 0.021 Thread 0x00007f4cdc009000 Exception <a 'java/lang/NoSuchMethodError': Method sun.misc.Unsafe.prefetchRead(Ljava/lang/Object;J)V name or signature does not match> (0x00000000eab12ee8) thrown at [/builddir/build/BUILD/java-1.8.0-openjdk-1.8.0.71-1.b15.el6_7.x86_64/openjdk/hotspot/sr

Events (10 events):
Event: 0.052 loading class scala/collection/GenTraversableOnce
Event: 0.052 loading class scala/collection/GenTraversableOnce done
Event: 0.052 loading class scala/collection/IterableLike
Event: 0.052 loading class scala/collection/IterableLike done
Event: 0.052 loading class scala/collection/TraversableLike
Event: 0.052 loading class scala/collection/TraversableLike done
Event: 0.052 loading class scala/collection/TraversableOnce
Event: 0.052 loading class scala/collection/TraversableOnce done
Event: 0.052 loading class scala/collection/generic/FilterMonadic
Event: 0.052 loading class scala/collection/generic/FilterMonadic done


Dynamic libraries:
00400000-00401000 r-xp 00000000 fd:01 17435112                           /usr/lib/jvm/java-1.8.0-openjdk-1.8.0.71-1.b15.el6_7.x86_64/jre/bin/java
00600000-00602000 rw-p 00000000 fd:01 17435112                           /usr/lib/jvm/java-1.8.0-openjdk-1.8.0.71-1.b15.el6_7.x86_64/jre/bin/java
016c3000-016e4000 rw-p 00000000 00:00 0                                  [heap]
c0000000-100080000 rw-p 00000000 00:00 0 
100080000-140000000 ---p 00000000 00:00 0 
305c600000-305c60d000 r-xp 00000000 fd:01 17435076                       /usr/lib/jvm/java-1.8.0-openjdk-1.8.0.71-1.b15.el6_7.x86_64/jre/lib/amd64/jli/libjli.so
305c60d000-305c80d000 ---p 0000d000 fd:01 17435076                       /usr/lib/jvm/java-1.8.0-openjdk-1.8.0.71-1.b15.el6_7.x86_64/jre/lib/amd64/jli/libjli.so
305c80d000-305c80e000 rw-p 0000d000 fd:01 17435076                       /usr/lib/jvm/java-1.8.0-openjdk-1.8.0.71-1.b15.el6_7.x86_64/jre/lib/amd64/jli/libjli.so
3967200000-3967220000 r-xp 00000000 fd:01 24903692                       /lib64/ld-2.12.so
396741f000-3967420000 r--p 0001f000 fd:01 24903692                       /lib64/ld-2.12.so
3967420000-3967421000 rw-p 00020000 fd:01 24903692                       /lib64/ld-2.12.so
3967421000-3967422000 rw-p 00000000 00:00 0 
3967600000-396778a000 r-xp 00000000 fd:01 24903705                       /lib64/libc-2.12.so
396778a000-396798a000 ---p 0018a000 fd:01 24903705                       /lib64/libc-2.12.so
396798a000-396798e000 r--p 0018a000 fd:01 24903705                       /lib64/libc-2.12.so
396798e000-396798f000 rw-p 0018e000 fd:01 24903705                       /lib64/libc-2.12.so
396798f000-3967994000 rw-p 00000000 00:00 0 
3967a00000-3967a17000 r-xp 00000000 fd:01 24904097                       /lib64/libpthread-2.12.so
3967a17000-3967c17000 ---p 00017000 fd:01 24904097                       /lib64/libpthread-2.12.so
3967c17000-3967c18000 r--p 00017000 fd:01 24904097                       /lib64/libpthread-2.12.so
3967c18000-3967c19000 rw-p 00018000 fd:01 24904097                       /lib64/libpthread-2.12.so
3967c19000-3967c1d000 rw-p 00000000 00:00 0 
3967e00000-3967e83000 r-xp 00000000 fd:01 24903719                       /lib64/libm-2.12.so
3967e83000-3968082000 ---p 00083000 fd:01 24903719                       /lib64/libm-2.12.so
3968082000-3968083000 r--p 00082000 fd:01 24903719                       /lib64/libm-2.12.so
3968083000-3968084000 rw-p 00083000 fd:01 24903719                       /lib64/libm-2.12.so
3968200000-3968202000 r-xp 00000000 fd:01 24904101                       /lib64/libdl-2.12.so
3968202000-3968402000 ---p 00002000 fd:01 24904101                       /lib64/libdl-2.12.so
3968402000-3968403000 r--p 00002000 fd:01 24904101                       /lib64/libdl-2.12.so
3968403000-3968404000 rw-p 00003000 fd:01 24904101                       /lib64/libdl-2.12.so
3968600000-3968615000 r-xp 00000000 fd:01 24903729                       /lib64/libz.so.1.2.3
3968615000-3968814000 ---p 00015000 fd:01 24903729                       /lib64/libz.so.1.2.3
3968814000-3968815000 r--p 00014000 fd:01 24903729                       /lib64/libz.so.1.2.3
3968815000-3968816000 rw-p 00015000 fd:01 24903729                       /lib64/libz.so.1.2.3
3968a00000-3968a07000 r-xp 00000000 fd:01 24904103                       /lib64/librt-2.12.so
3968a07000-3968c06000 ---p 00007000 fd:01 24904103                       /lib64/librt-2.12.so
3968c06000-3968c07000 r--p 00006000 fd:01 24904103                       /lib64/librt-2.12.so
3968c07000-3968c08000 rw-p 00007000 fd:01 24904103                       /lib64/librt-2.12.so
396e200000-396e216000 r-xp 00000000 fd:01 24904096                       /lib64/libgcc_s-4.4.7-20120601.so.1
396e216000-396e415000 ---p 00016000 fd:01 24904096                       /lib64/libgcc_s-4.4.7-20120601.so.1
396e415000-396e416000 rw-p 00015000 fd:01 24904096                       /lib64/libgcc_s-4.4.7-20120601.so.1
396ea00000-396eae8000 r-xp 00000000 fd:01 12192664                       /usr/lib64/libstdc++.so.6.0.13
396eae8000-396ece8000 ---p 000e8000 fd:01 12192664                       /usr/lib64/libstdc++.so.6.0.13
396ece8000-396ecef000 r--p 000e8000 fd:01 12192664                       /usr/lib64/libstdc++.so.6.0.13
396ecef000-396ecf1000 rw-p 000ef000 fd:01 12192664                       /usr/lib64/libstdc++.so.6.0.13
396ecf1000-396ed06000 rw-p 00000000 00:00 0 
7f4c60000000-7f4c60021000 rw-p 00000000 00:00 0 
7f4c60021000-7f4c64000000 ---p 00000000 00:00 0 
7f4c68000000-7f4c6802e000 rw-p 00000000 00:00 0 
7f4c68036000-7f4c6c000000 ---p 00000000 00:00 0 
7f4c6c000000-7f4c6c021000 rw-p 00000000 00:00 0 
7f4c6c021000-7f4c70000000 ---p 00000000 00:00 0 
7f4c70000000-7f4c70021000 rw-p 00000000 00:00 0 
7f4c70021000-7f4c74000000 ---p 00000000 00:00 0 
7f4c74000000-7f4c74021000 rw-p 00000000 00:00 0 
7f4c74021000-7f4c78000000 ---p 00000000 00:00 0 
7f4c78000000-7f4c7804e000 rw-p 00000000 00:00 0 
7f4c7804e000-7f4c7c000000 ---p 00000000 00:00 0 
7f4c7e16f000-7f4c84000000 r--p 00000000 fd:01 12206265                   /usr/lib/locale/locale-archive
7f4c84000000-7f4c84021000 rw-p 00000000 00:00 0 
7f4c84021000-7f4c88000000 ---p 00000000 00:00 0 
7f4c88000000-7f4c88021000 rw-p 00000000 00:00 0 
7f4c88021000-7f4c8c000000 ---p 00000000 00:00 0 
7f4c8c000000-7f4c8c021000 rw-p 00000000 00:00 0 
7f4c8c021000-7f4c90000000 ---p 00000000 00:00 0 
7f4c90000000-7f4c90021000 rw-p 00000000 00:00 0 
7f4c90021000-7f4c94000000 ---p 00000000 00:00 0 
7f4c94000000-7f4c94021000 rw-p 00000000 00:00 0 
7f4c94021000-7f4c98000000 ---p 00000000 00:00 0 
7f4c9c000000-7f4c9c021000 rw-p 00000000 00:00 0 
7f4c9c021000-7f4ca0000000 ---p 00000000 00:00 0 
7f4ca4000000-7f4ca4021000 rw-p 00000000 00:00 0 
7f4ca4021000-7f4ca8000000 ---p 00000000 00:00 0 
7f4cac000000-7f4cac021000 rw-p 00000000 00:00 0 
7f4cac021000-7f4cb0000000 ---p 00000000 00:00 0 
7f4cb4000000-7f4cb4021000 rw-p 00000000 00:00 0 
7f4cb4021000-7f4cb8000000 ---p 00000000 00:00 0 
7f4cba9ea000-7f4cba9eb000 ---p 00000000 00:00 0 
7f4cba9eb000-7f4cbaaeb000 rw-p 00000000 00:00 0 
7f4cbaaeb000-7f4cbaaee000 ---p 00000000 00:00 0 
7f4cbaaee000-7f4cbabec000 rw-p 00000000 00:00 0 
7f4cbabec000-7f4cbabef000 ---p 00000000 00:00 0 
7f4cbabef000-7f4cbaced000 rw-p 00000000 00:00 0 
7f4cbaced000-7f4cbacf0000 ---p 00000000 00:00 0 
7f4cbacf0000-7f4cbadee000 rw-p 00000000 00:00 0 
7f4cbadee000-7f4cbadf1000 ---p 00000000 00:00 0 
7f4cbadf1000-7f4cbaeef000 rw-p 00000000 00:00 0 
7f4cbaeef000-7f4cbaef2000 ---p 00000000 00:00 0 
7f4cbaef2000-7f4cbaff0000 rw-p 00000000 00:00 0 
7f4cbaff0000-7f4cbaff3000 ---p 00000000 00:00 0 
7f4cbaff3000-7f4cbb0f1000 rw-p 00000000 00:00 0 
7f4cbb0f1000-7f4cbb0f4000 ---p 00000000 00:00 0 
7f4cbb0f4000-7f4cbb1f2000 rw-p 00000000 00:00 0 
7f4cbb1f2000-7f4cbb1f5000 ---p 00000000 00:00 0 
7f4cbb1f5000-7f4cbb2f3000 rw-p 00000000 00:00 0 
7f4cbb2f3000-7f4cbb2f4000 ---p 00000000 00:00 0 
7f4cbb2f4000-7f4cbc000000 rw-p 00000000 00:00 0 
7f4cbc000000-7f4cbc021000 rw-p 00000000 00:00 0 
7f4cbc021000-7f4cc0000000 ---p 00000000 00:00 0 
7f4cc0000000-7f4cc0021000 rw-p 00000000 00:00 0 
7f4cc0021000-7f4cc4000000 ---p 00000000 00:00 0 
7f4cc4000000-7f4cc4021000 rw-p 00000000 00:00 0 
7f4cc4021000-7f4cc8000000 ---p 00000000 00:00 0 
7f4cc80d1000-7f4cc902d000 rw-p 00000000 00:00 0 
7f4cc902d000-7f4cc91fa000 r--s 043c2000 fd:01 17436002                   /usr/lib/jvm/java-1.8.0-openjdk-1.8.0.71-1.b15.el6_7.x86_64/jre/lib/rt.jar
7f4cc91fa000-7f4cc970b000 rw-p 00000000 00:00 0 
7f4cc970b000-7f4cc9acb000 ---p 00000000 00:00 0 
7f4cc9acb000-7f4ccbccb000 rw-p 00000000 00:00 0 
7f4ccbccb000-7f4ccbccc000 ---p 00000000 00:00 0 
7f4ccbccc000-7f4ccbdcc000 rw-p 00000000 00:00 0 
7f4ccbdcc000-7f4ccbdcd000 ---p 00000000 00:00 0 
7f4ccbdcd000-7f4ccbecd000 rw-p 00000000 00:00 0 
7f4ccbecd000-7f4ccbece000 ---p 00000000 00:00 0 
7f4ccbece000-7f4ccbfce000 rw-p 00000000 00:00 0 
7f4ccbfce000-7f4ccbfcf000 ---p 00000000 00:00 0 
7f4ccbfcf000-7f4ccc0cf000 rw-p 00000000 00:00 0 
7f4ccc0cf000-7f4ccc0d0000 ---p 00000000 00:00 0 
7f4ccc0d0000-7f4ccc1d0000 rw-p 00000000 00:00 0 
7f4ccc1d0000-7f4ccc1d1000 ---p 00000000 00:00 0 
7f4ccc1d1000-7f4ccc2d1000 rw-p 00000000 00:00 0 
7f4ccc2d1000-7f4ccc2d2000 ---p 00000000 00:00 0 
7f4ccc2d2000-7f4ccc3d2000 rw-p 00000000 00:00 0 
7f4ccc3d2000-7f4ccc3d3000 ---p 00000000 00:00 0 
7f4ccc3d3000-7f4ccc834000 rw-p 00000000 00:00 0 
7f4ccc834000-7f4cccbea000 ---p 00000000 00:00 0 
7f4cccbea000-7f4ccce5a000 rwxp 00000000 00:00 0 
7f4ccce5a000-7f4cdbbea000 ---p 00000000 00:00 0 
7f4cdbbea000-7f4cdbbf2000 r-xp 00000000 fd:01 17435946                   /usr/lib/jvm/java-1.8.0-openjdk-1.8.0.71-1.b15.el6_7.x86_64/jre/lib/amd64/libzip.so
7f4cdbbf2000-7f4cdbdf1000 ---p 00008000 fd:01 17435946                   /usr/lib/jvm/java-1.8.0-openjdk-1.8.0.71-1.b15.el6_7.x86_64/jre/lib/amd64/libzip.so
7f4cdbdf1000-7f4cdbdf2000 rw-p 00007000 fd:01 17435946                   /usr/lib/jvm/java-1.8.0-openjdk-1.8.0.71-1.b15.el6_7.x86_64/jre/lib/amd64/libzip.so
7f4cdbdf2000-7f4cdbdfe000 r-xp 00000000 fd:01 24903892                   /lib64/libnss_files-2.12.so
7f4cdbdfe000-7f4cdbffe000 ---p 0000c000 fd:01 24903892                   /lib64/libnss_files-2.12.so
7f4cdbffe000-7f4cdbfff000 r--p 0000c000 fd:01 24903892                   /lib64/libnss_files-2.12.so
7f4cdbfff000-7f4cdc000000 rw-p 0000d000 fd:01 24903892                   /lib64/libnss_files-2.12.so
7f4cdc000000-7f4cdc275000 rw-p 00000000 00:00 0 
7f4cdc275000-7f4ce0000000 ---p 00000000 00:00 0 
7f4ce0026000-7f4ce0028000 rw-p 00000000 00:00 0 
7f4ce0028000-7f4ce0044000 r--s 0010d000 fd:01 15991770                   /home/phil/sirfgit/opensirf-play/activator-launch-1.3.6.jar
7f4ce0044000-7f4ce006e000 r-xp 00000000 fd:01 17435929                   /usr/lib/jvm/java-1.8.0-openjdk-1.8.0.71-1.b15.el6_7.x86_64/jre/lib/amd64/libjava.so
7f4ce006e000-7f4ce026d000 ---p 0002a000 fd:01 17435929                   /usr/lib/jvm/java-1.8.0-openjdk-1.8.0.71-1.b15.el6_7.x86_64/jre/lib/amd64/libjava.so
7f4ce026d000-7f4ce026f000 rw-p 00029000 fd:01 17435929                   /usr/lib/jvm/java-1.8.0-openjdk-1.8.0.71-1.b15.el6_7.x86_64/jre/lib/amd64/libjava.so
7f4ce026f000-7f4ce027c000 r-xp 00000000 fd:01 17435945                   /usr/lib/jvm/java-1.8.0-openjdk-1.8.0.71-1.b15.el6_7.x86_64/jre/lib/amd64/libverify.so
7f4ce027c000-7f4ce047c000 ---p 0000d000 fd:01 17435945                   /usr/lib/jvm/java-1.8.0-openjdk-1.8.0.71-1.b15.el6_7.x86_64/jre/lib/amd64/libverify.so
7f4ce047c000-7f4ce047e000 rw-p 0000d000 fd:01 17435945                   /usr/lib/jvm/java-1.8.0-openjdk-1.8.0.71-1.b15.el6_7.x86_64/jre/lib/amd64/libverify.so
7f4ce047e000-7f4ce0481000 ---p 00000000 00:00 0 
7f4ce0481000-7f4ce057f000 rw-p 00000000 00:00 0 
7f4ce057f000-7f4ce11a1000 r-xp 00000000 fd:01 17435950                   /usr/lib/jvm/java-1.8.0-openjdk-1.8.0.71-1.b15.el6_7.x86_64/jre/lib/amd64/server/libjvm.so
7f4ce11a1000-7f4ce13a1000 ---p 00c22000 fd:01 17435950                   /usr/lib/jvm/java-1.8.0-openjdk-1.8.0.71-1.b15.el6_7.x86_64/jre/lib/amd64/server/libjvm.so
7f4ce13a1000-7f4ce146f000 rw-p 00c22000 fd:01 17435950                   /usr/lib/jvm/java-1.8.0-openjdk-1.8.0.71-1.b15.el6_7.x86_64/jre/lib/amd64/server/libjvm.so
7f4ce146f000-7f4ce14a2000 rw-p 00000000 00:00 0 
7f4ce14a8000-7f4ce14bc000 rw-p 00000000 00:00 0 
7f4ce14bc000-7f4ce14c4000 rw-s 00000000 fd:01 6554570                    /tmp/hsperfdata_phil/23021
7f4ce14c4000-7f4ce14c5000 rw-p 00000000 00:00 0 
7f4ce14c5000-7f4ce14c6000 r--p 00000000 00:00 0 
7f4ce14c6000-7f4ce14c7000 rw-p 00000000 00:00 0 
7ffecfd94000-7ffecfda9000 rw-p 00000000 00:00 0                          [stack]
7ffecfdcf000-7ffecfdd0000 r-xp 00000000 00:00 0                          [vdso]
ffffffffff600000-ffffffffff601000 r-xp 00000000 00:00 0                  [vsyscall]

VM Arguments:
jvm_args: -Dactivator.home=/home/phil/sirfgit/opensirf-play -Xms1024m -Xmx1024m -XX:MetaspaceSize=64m -XX:MaxMetaspaceSize=256m 
java_command: /home/phil/sirfgit/opensirf-play/activator-launch-1.3.6.jar run
java_class_path (initial): /home/phil/sirfgit/opensirf-play/activator-launch-1.3.6.jar
Launcher Type: SUN_STANDARD

Environment Variables:
PATH=/usr/lib64/qt-3.3/bin:/usr/local/bin:/usr/bin:/bin:/usr/local/sbin:/usr/sbin:/sbin:/opt/ibm/c4eb/bin:/home/phil/bin:/usr/kerberos/bin
USERNAME=phil
SHELL=/bin/bash
DISPLAY=:0.0

Signal Handlers:
SIGSEGV: [libjvm.so+0xa27e70], sa_mask[0]=11111111011111111101111111111110, sa_flags=SA_RESTART|SA_SIGINFO
SIGBUS: [libjvm.so+0xa27e70], sa_mask[0]=11111111011111111101111111111110, sa_flags=SA_RESTART|SA_SIGINFO
SIGFPE: [libjvm.so+0x8973e0], sa_mask[0]=11111111011111111101111111111110, sa_flags=SA_RESTART|SA_SIGINFO
SIGPIPE: [libjvm.so+0x8973e0], sa_mask[0]=11111111011111111101111111111110, sa_flags=SA_RESTART|SA_SIGINFO
SIGXFSZ: [libjvm.so+0x8973e0], sa_mask[0]=11111111011111111101111111111110, sa_flags=SA_RESTART|SA_SIGINFO
SIGILL: [libjvm.so+0x8973e0], sa_mask[0]=11111111011111111101111111111110, sa_flags=SA_RESTART|SA_SIGINFO
SIGUSR1: SIG_DFL, sa_mask[0]=00000000000000000000000000000000, sa_flags=none
SIGUSR2: [libjvm.so+0x8988c0], sa_mask[0]=00000000000000000000000000000000, sa_flags=SA_RESTART|SA_SIGINFO
SIGHUP: [libjvm.so+0x899fb0], sa_mask[0]=11111111011111111101111111111110, sa_flags=SA_RESTART|SA_SIGINFO
SIGINT: [libjvm.so+0x899fb0], sa_mask[0]=11111111011111111101111111111110, sa_flags=SA_RESTART|SA_SIGINFO
SIGTERM: [libjvm.so+0x899fb0], sa_mask[0]=11111111011111111101111111111110, sa_flags=SA_RESTART|SA_SIGINFO
SIGQUIT: [libjvm.so+0x899fb0], sa_mask[0]=11111111011111111101111111111110, sa_flags=SA_RESTART|SA_SIGINFO


---------------  S Y S T E M  ---------------

OS:Red Hat Enterprise Linux Workstation release 6.7 (Santiago)

uname:Linux 2.6.32-573.14.1.el6.x86_64 #1 SMP Thu Dec 17 14:49:33 EST 2015 x86_64
libc:glibc 2.12 NPTL 2.12 
rlimit: STACK 10240k, CORE 0k, NPROC 1024, NOFILE 2048, AS infinity
load average:0.25 0.31 0.20

/proc/meminfo:
MemTotal:       15936984 kB
MemFree:         2784552 kB
Buffers:          788444 kB
Cached:          5152748 kB
SwapCached:           32 kB
Active:          6979652 kB
Inactive:        2571308 kB
Active(anon):    3526532 kB
Inactive(anon):   752492 kB
Active(file):    3453120 kB
Inactive(file):  1818816 kB
Unevictable:          32 kB
Mlocked:              32 kB
SwapTotal:       8044540 kB
SwapFree:        8042460 kB
Dirty:               844 kB
Writeback:             0 kB
AnonPages:       3600116 kB
Mapped:          3473004 kB
Shmem:            669256 kB
Slab:             499980 kB
SReclaimable:     362840 kB
SUnreclaim:       137140 kB
KernelStack:       17680 kB
PageTables:        70824 kB
NFS_Unstable:          0 kB
Bounce:                0 kB
WritebackTmp:          0 kB
CommitLimit:    16013032 kB
Committed_AS:   14112024 kB
VmallocTotal:   34359738367 kB
VmallocUsed:      393620 kB
VmallocChunk:   34359337720 kB
HardwareCorrupted:     0 kB
AnonHugePages:   1419264 kB
HugePages_Total:       0
HugePages_Free:        0
HugePages_Rsvd:        0
HugePages_Surp:        0
Hugepagesize:       2048 kB
DirectMap4k:        6684 kB
DirectMap2M:     2740224 kB
DirectMap1G:    13631488 kB


CPU:total 8 (4 cores per cpu, 2 threads per core) family 6 model 60 stepping 3, cmov, cx8, fxsr, mmx, sse, sse2, sse3, ssse3, sse4.1, sse4.2, popcnt, avx, avx2, aes, clmul, erms, lzcnt, ht, tsc, tscinvbit, bmi1, bmi2

/proc/cpuinfo:
processor	: 0
vendor_id	: GenuineIntel
cpu family	: 6
model		: 60
model name	: Intel(R) Core(TM) i7-4800MQ CPU @ 2.70GHz
stepping	: 3
microcode	: 28
cpu MHz		: 2701.000
cache size	: 6144 KB
physical id	: 0
siblings	: 8
core id		: 0
cpu cores	: 4
apicid		: 0
initial apicid	: 0
fpu		: yes
fpu_exception	: yes
cpuid level	: 13
wp		: yes
flags		: fpu vme de pse tsc msr pae mce cx8 apic sep mtrr pge mca cmov pat pse36 clflush dts acpi mmx fxsr sse sse2 ss ht tm pbe syscall nx pdpe1gb rdtscp lm constant_tsc arch_perfmon pebs bts rep_good xtopology nonstop_tsc aperfmperf pni pclmulqdq dtes64 monitor ds_cpl vmx smx est tm2 ssse3 fma cx16 xtpr pdcm pcid sse4_1 sse4_2 x2apic movbe popcnt tsc_deadline_timer aes xsave avx f16c rdrand lahf_lm abm ida arat epb xsaveopt pln pts dts tpr_shadow vnmi flexpriority ept vpid fsgsbase bmi1 avx2 smep bmi2 erms invpcid
bogomips	: 5387.88
clflush size	: 64
cache_alignment	: 64
address sizes	: 39 bits physical, 48 bits virtual
power management:

processor	: 1
vendor_id	: GenuineIntel
cpu family	: 6
model		: 60
model name	: Intel(R) Core(TM) i7-4800MQ CPU @ 2.70GHz
stepping	: 3
microcode	: 28
cpu MHz		: 2701.000
cache size	: 6144 KB
physical id	: 0
siblings	: 8
core id		: 0
cpu cores	: 4
apicid		: 1
initial apicid	: 1
fpu		: yes
fpu_exception	: yes
cpuid level	: 13
wp		: yes
flags		: fpu vme de pse tsc msr pae mce cx8 apic sep mtrr pge mca cmov pat pse36 clflush dts acpi mmx fxsr sse sse2 ss ht tm pbe syscall nx pdpe1gb rdtscp lm constant_tsc arch_perfmon pebs bts rep_good xtopology nonstop_tsc aperfmperf pni pclmulqdq dtes64 monitor ds_cpl vmx smx est tm2 ssse3 fma cx16 xtpr pdcm pcid sse4_1 sse4_2 x2apic movbe popcnt tsc_deadline_timer aes xsave avx f16c rdrand lahf_lm abm ida arat epb xsaveopt pln pts dts tpr_shadow vnmi flexpriority ept vpid fsgsbase bmi1 avx2 smep bmi2 erms invpcid
bogomips	: 5387.88
clflush size	: 64
cache_alignment	: 64
address sizes	: 39 bits physical, 48 bits virtual
power management:

processor	: 2
vendor_id	: GenuineIntel
cpu family	: 6
model		: 60
model name	: Intel(R) Core(TM) i7-4800MQ CPU @ 2.70GHz
stepping	: 3
microcode	: 28
cpu MHz		: 2701.000
cache size	: 6144 KB
physical id	: 0
siblings	: 8
core id		: 1
cpu cores	: 4
apicid		: 2
initial apicid	: 2
fpu		: yes
fpu_exception	: yes
cpuid level	: 13
wp		: yes
flags		: fpu vme de pse tsc msr pae mce cx8 apic sep mtrr pge mca cmov pat pse36 clflush dts acpi mmx fxsr sse sse2 ss ht tm pbe syscall nx pdpe1gb rdtscp lm constant_tsc arch_perfmon pebs bts rep_good xtopology nonstop_tsc aperfmperf pni pclmulqdq dtes64 monitor ds_cpl vmx smx est tm2 ssse3 fma cx16 xtpr pdcm pcid sse4_1 sse4_2 x2apic movbe popcnt tsc_deadline_timer aes xsave avx f16c rdrand lahf_lm abm ida arat epb xsaveopt pln pts dts tpr_shadow vnmi flexpriority ept vpid fsgsbase bmi1 avx2 smep bmi2 erms invpcid
bogomips	: 5387.88
clflush size	: 64
cache_alignment	: 64
address sizes	: 39 bits physical, 48 bits virtual
power management:

processor	: 3
vendor_id	: GenuineIntel
cpu family	: 6
model		: 60
model name	: Intel(R) Core(TM) i7-4800MQ CPU @ 2.70GHz
stepping	: 3
microcode	: 28
cpu MHz		: 2701.000
cache size	: 6144 KB
physical id	: 0
siblings	: 8
core id		: 1
cpu cores	: 4
apicid		: 3
initial apicid	: 3
fpu		: yes
fpu_exception	: yes
cpuid level	: 13
wp		: yes
flags		: fpu vme de pse tsc msr pae mce cx8 apic sep mtrr pge mca cmov pat pse36 clflush dts acpi mmx fxsr sse sse2 ss ht tm pbe syscall nx pdpe1gb rdtscp lm constant_tsc arch_perfmon pebs bts rep_good xtopology nonstop_tsc aperfmperf pni pclmulqdq dtes64 monitor ds_cpl vmx smx est tm2 ssse3 fma cx16 xtpr pdcm pcid sse4_1 sse4_2 x2apic movbe popcnt tsc_deadline_timer aes xsave avx f16c rdrand lahf_lm abm ida arat epb xsaveopt pln pts dts tpr_shadow vnmi flexpriority ept vpid fsgsbase bmi1 avx2 smep bmi2 erms invpcid
bogomips	: 5387.88
clflush size	: 64
cache_alignment	: 64
address sizes	: 39 bits physical, 48 bits virtual
power management:

processor	: 4
vendor_id	: GenuineIntel
cpu family	: 6
model		: 60
model name	: Intel(R) Core(TM) i7-4800MQ CPU @ 2.70GHz
stepping	: 3
microcode	: 28
cpu MHz		: 800.000
cache size	: 6144 KB
physical id	: 0
siblings	: 8
core id		: 2
cpu cores	: 4
apicid		: 4
initial apicid	: 4
fpu		: yes
fpu_exception	: yes
cpuid level	: 13
wp		: yes
flags		: fpu vme de pse tsc msr pae mce cx8 apic sep mtrr pge mca cmov pat pse36 clflush dts acpi mmx fxsr sse sse2 ss ht tm pbe syscall nx pdpe1gb rdtscp lm constant_tsc arch_perfmon pebs bts rep_good xtopology nonstop_tsc aperfmperf pni pclmulqdq dtes64 monitor ds_cpl vmx smx est tm2 ssse3 fma cx16 xtpr pdcm pcid sse4_1 sse4_2 x2apic movbe popcnt tsc_deadline_timer aes xsave avx f16c rdrand lahf_lm abm ida arat epb xsaveopt pln pts dts tpr_shadow vnmi flexpriority ept vpid fsgsbase bmi1 avx2 smep bmi2 erms invpcid
bogomips	: 5387.88
clflush size	: 64
cache_alignment	: 64
address sizes	: 39 bits physical, 48 bits virtual
power management:

processor	: 5
vendor_id	: GenuineIntel
cpu family	: 6
model		: 60
model name	: Intel(R) Core(TM) i7-4800MQ CPU @ 2.70GHz
stepping	: 3
microcode	: 28
cpu MHz		: 2701.000
cache size	: 6144 KB
physical id	: 0
siblings	: 8
core id		: 2
cpu cores	: 4
apicid		: 5
initial apicid	: 5
fpu		: yes
fpu_exception	: yes
cpuid level	: 13
wp		: yes
flags		: fpu vme de pse tsc msr pae mce cx8 apic sep mtrr pge mca cmov pat pse36 clflush dts acpi mmx fxsr sse sse2 ss ht tm pbe syscall nx pdpe1gb rdtscp lm constant_tsc arch_perfmon pebs bts rep_good xtopology nonstop_tsc aperfmperf pni pclmulqdq dtes64 monitor ds_cpl vmx smx est tm2 ssse3 fma cx16 xtpr pdcm pcid sse4_1 sse4_2 x2apic movbe popcnt tsc_deadline_timer aes xsave avx f16c rdrand lahf_lm abm ida arat epb xsaveopt pln pts dts tpr_shadow vnmi flexpriority ept vpid fsgsbase bmi1 avx2 smep bmi2 erms invpcid
bogomips	: 5387.88
clflush size	: 64
cache_alignment	: 64
address sizes	: 39 bits physical, 48 bits virtual
power management:

processor	: 6
vendor_id	: GenuineIntel
cpu family	: 6
model		: 60
model name	: Intel(R) Core(TM) i7-4800MQ CPU @ 2.70GHz
stepping	: 3
microcode	: 28
cpu MHz		: 800.000
cache size	: 6144 KB
physical id	: 0
siblings	: 8
core id		: 3
cpu cores	: 4
apicid		: 6
initial apicid	: 6
fpu		: yes
fpu_exception	: yes
cpuid level	: 13
wp		: yes
flags		: fpu vme de pse tsc msr pae mce cx8 apic sep mtrr pge mca cmov pat pse36 clflush dts acpi mmx fxsr sse sse2 ss ht tm pbe syscall nx pdpe1gb rdtscp lm constant_tsc arch_perfmon pebs bts rep_good xtopology nonstop_tsc aperfmperf pni pclmulqdq dtes64 monitor ds_cpl vmx smx est tm2 ssse3 fma cx16 xtpr pdcm pcid sse4_1 sse4_2 x2apic movbe popcnt tsc_deadline_timer aes xsave avx f16c rdrand lahf_lm abm ida arat epb xsaveopt pln pts dts tpr_shadow vnmi flexpriority ept vpid fsgsbase bmi1 avx2 smep bmi2 erms invpcid
bogomips	: 5387.88
clflush size	: 64
cache_alignment	: 64
address sizes	: 39 bits physical, 48 bits virtual
power management:

processor	: 7
vendor_id	: GenuineIntel
cpu family	: 6
model		: 60
model name	: Intel(R) Core(TM) i7-4800MQ CPU @ 2.70GHz
stepping	: 3
microcode	: 28
cpu MHz		: 800.000
cache size	: 6144 KB
physical id	: 0
siblings	: 8
core id		: 3
cpu cores	: 4
apicid		: 7
initial apicid	: 7
fpu		: yes
fpu_exception	: yes
cpuid level	: 13
wp		: yes
flags		: fpu vme de pse tsc msr pae mce cx8 apic sep mtrr pge mca cmov pat pse36 clflush dts acpi mmx fxsr sse sse2 ss ht tm pbe syscall nx pdpe1gb rdtscp lm constant_tsc arch_perfmon pebs bts rep_good xtopology nonstop_tsc aperfmperf pni pclmulqdq dtes64 monitor ds_cpl vmx smx est tm2 ssse3 fma cx16 xtpr pdcm pcid sse4_1 sse4_2 x2apic movbe popcnt tsc_deadline_timer aes xsave avx f16c rdrand lahf_lm abm ida arat epb xsaveopt pln pts dts tpr_shadow vnmi flexpriority ept vpid fsgsbase bmi1 avx2 smep bmi2 erms invpcid
bogomips	: 5387.88
clflush size	: 64
cache_alignment	: 64
address sizes	: 39 bits physical, 48 bits virtual
power management:



Memory: 4k page, physical 15936984k(2784180k free), swap 8044540k(8042460k free)

vm_info: OpenJDK 64-Bit Server VM (25.71-b15) for linux-amd64 JRE (1.8.0_71-b15), built on Jan 13 2016 21:08:08 by "mockbuild" with gcc 4.4.7 20120313 (Red Hat 4.4.7-16)

time: Thu Feb  4 12:38:28 2016
elapsed time: 0 seconds (0d 0h 0m 0s)

