#
# A fatal error has been detected by the Java Runtime Environment:
#
#  SIGSEGV (0xb) at pc=0x00007f741607363b, pid=22910, tid=140135793305344
#
# JRE version: OpenJDK Runtime Environment (8.0_71-b15) (build 1.8.0_71-b15)
# Java VM: OpenJDK 64-Bit Server VM (25.71-b15 mixed mode linux-amd64 compressed oops)
# Problematic frame:
# V  [libjvm.so+0x8d063b]
#
# Failed to write core dump. Core dumps have been disabled. To enable core dumping, try "ulimit -c unlimited" before starting Java again
#
# If you would like to submit a bug report, please visit:
#   http://bugreport.java.com/bugreport/crash.jsp
#

---------------  T H R E A D  ---------------

Current thread (0x00007f741020c000):  JavaThread "C2 CompilerThread0" daemon [_thread_in_native, id=22974, stack(0x00007f73e81e2000,0x00007f73e82e3000)]

siginfo: si_signo: 11 (SIGSEGV), si_code: 1 (SEGV_MAPERR), si_addr: 0x00007f7425cb003a

Registers:
RAX=0x00007f741669cfc8, RBX=0x00007f73e82dfee0, RCX=0x0000000000000001, RDX=0x000000000000000b
RSP=0x00007f73e82dfe00, RBP=0x00007f73e82dfe70, RSI=0x0000000000000000, RDI=0x00007f73e82dfee0
R8 =0x00007f73e82e00f0, R9 =0x0000000000000005, R10=0x00007f73a801df08, R11=0x0000003967683b2e
R12=0x00007f73a801e1c8, R13=0x0000000000000000, R14=0x0000000000000000, R15=0x00007f73b8009ad8
RIP=0x00007f741607363b, EFLAGS=0x0000000000010246, CSGSFS=0x0000000000000033, ERR=0x0000000000000004
  TRAPNO=0x000000000000000e

Top of Stack: (sp=0x00007f73e82dfe00)
0x00007f73e82dfe00:   0000000000000000 00007f73e82dfee0
0x00007f73e82dfe10:   00007f73e82dfe40 00007f7415d6f58c
0x00007f73e82dfe20:   00007f73a801ddb0 00007f73e82dfee0
0x00007f73e82dfe30:   0000000000000000 0000000000000000
0x00007f73e82dfe40:   00007f73e82dfe70 00007f73e82dfee0
0x00007f73e82dfe50:   00007f73a801e1c8 0000000000000000
0x00007f73e82dfe60:   0000000000000000 00007f73b8009ad8
0x00007f73e82dfe70:   00007f73e82dfed0 00007f74160649b3
0x00007f73e82dfe80:   00007f73e82dff30 00007f7415bd529e
0x00007f73e82dfe90:   00007f73b8026b60 0000000000000000
0x00007f73e82dfea0:   00007f73e82dff30 00007f73e82e0cf0
0x00007f73e82dfeb0:   00007f73e82dfee0 00007f73b8012760
0x00007f73e82dfec0:   00007f73e82e0b70 00007f7410222bc0
0x00007f73e82dfed0:   00007f73e82e0060 00007f7415b82088
0x00007f73e82dfee0:   00007f741665ced0 0000000000000001
0x00007f73e82dfef0:   00007f73e82e0cf0 00007f73e82e18e0
0x00007f73e82dff00:   00007f73e82e00f0 00007f73a801e1c8
0x00007f73e82dff10:   0000000000000000 00007f74ffffffff
0x00007f73e82dff20:   00007f73b8025850 00007f7300000000
0x00007f73e82dff30:   00007f73b8012760 3f80000045b1e800
0x00007f73e82dff40:   00007f7300000001 00007f7410222bc0
0x00007f73e82dff50:   00007f73ffffffff 00007f73b80267f0
0x00007f73e82dff60:   00007f73b0004820 00007f7300000004
0x00007f73e82dff70:   00007f74166545b0 00007f7300000001
0x00007f73e82dff80:   00007f73e82e0cf0 00007f73e82e18e0
0x00007f73e82dff90:   00007f73e82e00f0 00007f73a801ddb0
0x00007f73e82dffa0:   0000000000000000 00007f73ffffffff
0x00007f73e82dffb0:   0000000000000000 0000000000000000
0x00007f73e82dffc0:   00007f7300000000 0000000000000000
0x00007f73e82dffd0:   0000000000000000 00007f73b8025850
0x00007f73e82dffe0:   00007f74100116c0 0000000000000000
0x00007f73e82dfff0:   0000000000000000 00007f73b8012760 

Instructions: (pc=0x00007f741607363b)
0x00007f741607361b:   89 7d f8 48 83 ec 70 80 bf e2 00 00 00 00 75 1d
0x00007f741607362b:   48 8b 5d d8 4c 8b 65 e0 4c 8b 6d e8 4c 8b 75 f0
0x00007f741607363b:   4c 8b 3d f8 c9 c3 0f 1f 80 00 00 00 00 48 8b 7f
0x00007f741607364b:   40 e8 bf 3f b4 ff 48 85 c0 0f 84 c6 01 00 00 48 

Register to memory mapping:

RAX=0x00007f741669cfc8: <offset 0xef9fc8> in /usr/lib/jvm/java-1.8.0-openjdk-1.8.0.71-1.b15.el6_7.x86_64/jre/lib/amd64/server/libjvm.so at 0x00007f74157a3000
RBX=0x00007f73e82dfee0 is pointing into the stack for thread: 0x00007f741020c000
RCX=0x0000000000000001 is an unknown value
RDX=0x000000000000000b is an unknown value
RSP=0x00007f73e82dfe00 is pointing into the stack for thread: 0x00007f741020c000
RBP=0x00007f73e82dfe70 is pointing into the stack for thread: 0x00007f741020c000
RSI=0x0000000000000000 is an unknown value
RDI=0x00007f73e82dfee0 is pointing into the stack for thread: 0x00007f741020c000
R8 =0x00007f73e82e00f0 is pointing into the stack for thread: 0x00007f741020c000
R9 =0x0000000000000005 is an unknown value
R10=0x00007f73a801df08 is an unknown value
R11=0x0000003967683b2e: <offset 0x83b2e> in /lib64/libc.so.6 at 0x0000003967600000
R12=0x00007f73a801e1c8 is an unknown value
R13=0x0000000000000000 is an unknown value
R14=0x0000000000000000 is an unknown value
R15=0x00007f73b8009ad8 is an unknown value


Stack: [0x00007f73e81e2000,0x00007f73e82e3000],  sp=0x00007f73e82dfe00,  free space=1015k
Native frames: (J=compiled Java code, j=interpreted, Vv=VM code, C=native code)
V  [libjvm.so+0x8d063b]
V  [libjvm.so+0x8c19b3]
V  [libjvm.so+0x3df088]
V  [libjvm.so+0x484b84]
V  [libjvm.so+0x3ddddb]
V  [libjvm.so+0x48b8e6]
V  [libjvm.so+0x48c987]
V  [libjvm.so+0x9d8625]
V  [libjvm.so+0x9d8880]
V  [libjvm.so+0x89db52]
C  [libpthread.so.0+0x7a51]


Current CompileTask:
C2:     52   29       4       java.lang.String::charAt (29 bytes)


---------------  P R O C E S S  ---------------

Java Threads: ( => current thread )
  0x00007f7410228000 JavaThread "Service Thread" daemon [_thread_blocked, id=22978, stack(0x00007f73e3cfd000,0x00007f73e3dfe000)]
  0x00007f741021d000 JavaThread "C1 CompilerThread3" daemon [_thread_in_vm, id=22977, stack(0x00007f73e3dfe000,0x00007f73e3eff000)]
  0x00007f741021b000 JavaThread "C2 CompilerThread2" daemon [_thread_blocked, id=22976, stack(0x00007f73e3eff000,0x00007f73e4000000)]
  0x00007f7410219800 JavaThread "C2 CompilerThread1" daemon [_thread_blocked, id=22975, stack(0x00007f73e80e1000,0x00007f73e81e2000)]
=>0x00007f741020c000 JavaThread "C2 CompilerThread0" daemon [_thread_in_native, id=22974, stack(0x00007f73e81e2000,0x00007f73e82e3000)]
  0x00007f741020a000 JavaThread "Signal Dispatcher" daemon [_thread_blocked, id=22973, stack(0x00007f73e82e3000,0x00007f73e83e4000)]
  0x00007f74101da800 JavaThread "Finalizer" daemon [_thread_blocked, id=22972, stack(0x00007f73e83e4000,0x00007f73e84e5000)]
  0x00007f74101d8800 JavaThread "Reference Handler" daemon [_thread_blocked, id=22971, stack(0x00007f73e84e5000,0x00007f73e85e6000)]
  0x00007f7410009000 JavaThread "main" [_thread_in_Java, id=22961, stack(0x00007f74156a2000,0x00007f74157a3000)]

Other Threads:
  0x00007f74101d3800 VMThread [stack: 0x00007f73e85e6000,0x00007f73e86e7000] [id=22970]
  0x00007f741022a800 WatcherThread [stack: 0x00007f73e3bfc000,0x00007f73e3cfd000] [id=22979]

VM state:not at safepoint (normal execution)

VM Mutex/Monitor currently owned by a thread: None

Heap:
 PSYoungGen      total 305664K, used 15728K [0x00000000eab00000, 0x0000000100000000, 0x0000000100000000)
  eden space 262144K, 6% used [0x00000000eab00000,0x00000000eba5c358,0x00000000fab00000)
  from space 43520K, 0% used [0x00000000fd580000,0x00000000fd580000,0x0000000100000000)
  to   space 43520K, 0% used [0x00000000fab00000,0x00000000fab00000,0x00000000fd580000)
 ParOldGen       total 699392K, used 0K [0x00000000c0000000, 0x00000000eab00000, 0x00000000eab00000)
  object space 699392K, 0% used [0x00000000c0000000,0x00000000c0000000,0x00000000eab00000)
 Metaspace       used 3018K, capacity 4600K, committed 4864K, reserved 1056768K
  class space    used 296K, capacity 424K, committed 512K, reserved 1048576K

Card table byte_map: [0x00007f741486d000,0x00007f7414a6e000] byte_map_base: 0x00007f741426d000

Marking Bits: (ParMarkBitMap*) 0x00007f74166a6c40
 Begin Bits: [0x00007f73ea000000, 0x00007f73eb000000)
 End Bits:   [0x00007f73eb000000, 0x00007f73ec000000)

Polling page: 0x00007f74166e9000

CodeCache: size=245760Kb used=1107Kb max_used=1107Kb free=244652Kb
 bounds [0x00007f7401000000, 0x00007f7401270000, 0x00007f7410000000]
 total_blobs=266 nmethods=35 adapters=146
 compilation: enabled

Compilation events (10 events):
Event: 0.050 Thread 0x00007f741021d000   26       3       java.lang.String::lastIndexOf (52 bytes)
Event: 0.050 Thread 0x00007f741021d000 nmethod 26 0x00007f74011117d0 code [0x00007f7401111960, 0x00007f7401111ce8]
Event: 0.050 Thread 0x00007f741021d000   27       3       java.lang.String::startsWith (7 bytes)
Event: 0.050 Thread 0x00007f741021d000 nmethod 27 0x00007f7401111e50 code [0x00007f7401111fc0, 0x00007f74011121c8]
Event: 0.050 Thread 0x00007f741021d000   25       3       java.util.Arrays::copyOf (19 bytes)
Event: 0.051 Thread 0x00007f741021d000 nmethod 25 0x00007f7401112250 code [0x00007f74011123e0, 0x00007f7401112708]
Event: 0.051 Thread 0x00007f741021d000   28       1       java.net.URL::getHost (5 bytes)
Event: 0.051 Thread 0x00007f741021d000 nmethod 28 0x00007f7401112810 code [0x00007f7401112960, 0x00007f7401112a70]
Event: 0.051 Thread 0x00007f741020c000   29       4       java.lang.String::charAt (29 bytes)
Event: 0.051 Thread 0x00007f741021d000   30       3       java.util.HashMap::hash (20 bytes)

GC Heap History (0 events):
No events

Deoptimization events (0 events):
No events

Internal exceptions (2 events):
Event: 0.021 Thread 0x00007f7410009000 Exception <a 'java/lang/NoSuchMethodError': Method sun.misc.Unsafe.defineClass(Ljava/lang/String;[BII)Ljava/lang/Class; name or signature does not match> (0x00000000eab12c00) thrown at [/builddir/build/BUILD/java-1.8.0-openjdk-1.8.0.71-1.b15.el6_7.x86_64/
Event: 0.021 Thread 0x00007f7410009000 Exception <a 'java/lang/NoSuchMethodError': Method sun.misc.Unsafe.prefetchRead(Ljava/lang/Object;J)V name or signature does not match> (0x00000000eab12ee8) thrown at [/builddir/build/BUILD/java-1.8.0-openjdk-1.8.0.71-1.b15.el6_7.x86_64/openjdk/hotspot/sr

Events (10 events):
Event: 0.050 loading class scala/collection/IterableLike
Event: 0.050 loading class scala/collection/IterableLike done
Event: 0.050 loading class scala/collection/TraversableLike
Event: 0.050 loading class scala/collection/TraversableLike done
Event: 0.051 loading class scala/collection/TraversableOnce
Event: 0.051 loading class scala/collection/TraversableOnce done
Event: 0.051 loading class scala/collection/generic/FilterMonadic
Event: 0.051 loading class scala/collection/generic/FilterMonadic done
Event: 0.051 loading class scala/collection/generic/GenericTraversableTemplate
Event: 0.051 loading class scala/collection/generic/GenericTraversableTemplate done


Dynamic libraries:
00400000-00401000 r-xp 00000000 fd:01 17435112                           /usr/lib/jvm/java-1.8.0-openjdk-1.8.0.71-1.b15.el6_7.x86_64/jre/bin/java
00600000-00602000 rw-p 00000000 fd:01 17435112                           /usr/lib/jvm/java-1.8.0-openjdk-1.8.0.71-1.b15.el6_7.x86_64/jre/bin/java
01a27000-01a48000 rw-p 00000000 00:00 0                                  [heap]
c0000000-100080000 rw-p 00000000 00:00 0 
100080000-140000000 ---p 00000000 00:00 0 
305c600000-305c60d000 r-xp 00000000 fd:01 17435076                       /usr/lib/jvm/java-1.8.0-openjdk-1.8.0.71-1.b15.el6_7.x86_64/jre/lib/amd64/jli/libjli.so
305c60d000-305c80d000 ---p 0000d000 fd:01 17435076                       /usr/lib/jvm/java-1.8.0-openjdk-1.8.0.71-1.b15.el6_7.x86_64/jre/lib/amd64/jli/libjli.so
305c80d000-305c80e000 rw-p 0000d000 fd:01 17435076                       /usr/lib/jvm/java-1.8.0-openjdk-1.8.0.71-1.b15.el6_7.x86_64/jre/lib/amd64/jli/libjli.so
3967200000-3967220000 r-xp 00000000 fd:01 24903692                       /lib64/ld-2.12.so
396741f000-3967420000 r--p 0001f000 fd:01 24903692                       /lib64/ld-2.12.so
3967420000-3967421000 rw-p 00020000 fd:01 24903692                       /lib64/ld-2.12.so
3967421000-3967422000 rw-p 00000000 00:00 0 
3967600000-396778a000 r-xp 00000000 fd:01 24903705                       /lib64/libc-2.12.so
396778a000-396798a000 ---p 0018a000 fd:01 24903705                       /lib64/libc-2.12.so
396798a000-396798e000 r--p 0018a000 fd:01 24903705                       /lib64/libc-2.12.so
396798e000-396798f000 rw-p 0018e000 fd:01 24903705                       /lib64/libc-2.12.so
396798f000-3967994000 rw-p 00000000 00:00 0 
3967a00000-3967a17000 r-xp 00000000 fd:01 24904097                       /lib64/libpthread-2.12.so
3967a17000-3967c17000 ---p 00017000 fd:01 24904097                       /lib64/libpthread-2.12.so
3967c17000-3967c18000 r--p 00017000 fd:01 24904097                       /lib64/libpthread-2.12.so
3967c18000-3967c19000 rw-p 00018000 fd:01 24904097                       /lib64/libpthread-2.12.so
3967c19000-3967c1d000 rw-p 00000000 00:00 0 
3967e00000-3967e83000 r-xp 00000000 fd:01 24903719                       /lib64/libm-2.12.so
3967e83000-3968082000 ---p 00083000 fd:01 24903719                       /lib64/libm-2.12.so
3968082000-3968083000 r--p 00082000 fd:01 24903719                       /lib64/libm-2.12.so
3968083000-3968084000 rw-p 00083000 fd:01 24903719                       /lib64/libm-2.12.so
3968200000-3968202000 r-xp 00000000 fd:01 24904101                       /lib64/libdl-2.12.so
3968202000-3968402000 ---p 00002000 fd:01 24904101                       /lib64/libdl-2.12.so
3968402000-3968403000 r--p 00002000 fd:01 24904101                       /lib64/libdl-2.12.so
3968403000-3968404000 rw-p 00003000 fd:01 24904101                       /lib64/libdl-2.12.so
3968600000-3968615000 r-xp 00000000 fd:01 24903729                       /lib64/libz.so.1.2.3
3968615000-3968814000 ---p 00015000 fd:01 24903729                       /lib64/libz.so.1.2.3
3968814000-3968815000 r--p 00014000 fd:01 24903729                       /lib64/libz.so.1.2.3
3968815000-3968816000 rw-p 00015000 fd:01 24903729                       /lib64/libz.so.1.2.3
3968a00000-3968a07000 r-xp 00000000 fd:01 24904103                       /lib64/librt-2.12.so
3968a07000-3968c06000 ---p 00007000 fd:01 24904103                       /lib64/librt-2.12.so
3968c06000-3968c07000 r--p 00006000 fd:01 24904103                       /lib64/librt-2.12.so
3968c07000-3968c08000 rw-p 00007000 fd:01 24904103                       /lib64/librt-2.12.so
396e200000-396e216000 r-xp 00000000 fd:01 24904096                       /lib64/libgcc_s-4.4.7-20120601.so.1
396e216000-396e415000 ---p 00016000 fd:01 24904096                       /lib64/libgcc_s-4.4.7-20120601.so.1
396e415000-396e416000 rw-p 00015000 fd:01 24904096                       /lib64/libgcc_s-4.4.7-20120601.so.1
396ea00000-396eae8000 r-xp 00000000 fd:01 12192664                       /usr/lib64/libstdc++.so.6.0.13
396eae8000-396ece8000 ---p 000e8000 fd:01 12192664                       /usr/lib64/libstdc++.so.6.0.13
396ece8000-396ecef000 r--p 000e8000 fd:01 12192664                       /usr/lib64/libstdc++.so.6.0.13
396ecef000-396ecf1000 rw-p 000ef000 fd:01 12192664                       /usr/lib64/libstdc++.so.6.0.13
396ecf1000-396ed06000 rw-p 00000000 00:00 0 
7f73a0000000-7f73a0021000 rw-p 00000000 00:00 0 
7f73a0021000-7f73a4000000 ---p 00000000 00:00 0 
7f73a8000000-7f73a80ae000 rw-p 00000000 00:00 0 
7f73a80ae000-7f73ac000000 ---p 00000000 00:00 0 
7f73ac000000-7f73ac021000 rw-p 00000000 00:00 0 
7f73ac021000-7f73b0000000 ---p 00000000 00:00 0 
7f73b0000000-7f73b0021000 rw-p 00000000 00:00 0 
7f73b0021000-7f73b4000000 ---p 00000000 00:00 0 
7f73b4000000-7f73b4021000 rw-p 00000000 00:00 0 
7f73b4021000-7f73b8000000 ---p 00000000 00:00 0 
7f73b8000000-7f73b8050000 rw-p 00000000 00:00 0 
7f73b8050000-7f73bc000000 ---p 00000000 00:00 0 
7f73be16f000-7f73c4000000 r--p 00000000 fd:01 12206265                   /usr/lib/locale/locale-archive
7f73c4000000-7f73c4021000 rw-p 00000000 00:00 0 
7f73c4021000-7f73c8000000 ---p 00000000 00:00 0 
7f73c8000000-7f73c8021000 rw-p 00000000 00:00 0 
7f73c8021000-7f73cc000000 ---p 00000000 00:00 0 
7f73cc000000-7f73cc021000 rw-p 00000000 00:00 0 
7f73cc021000-7f73d0000000 ---p 00000000 00:00 0 
7f73d0000000-7f73d0021000 rw-p 00000000 00:00 0 
7f73d0021000-7f73d4000000 ---p 00000000 00:00 0 
7f73d4000000-7f73d4021000 rw-p 00000000 00:00 0 
7f73d4021000-7f73d8000000 ---p 00000000 00:00 0 
7f73dc000000-7f73dc021000 rw-p 00000000 00:00 0 
7f73dc021000-7f73e0000000 ---p 00000000 00:00 0 
7f73e3bfc000-7f73e3bfd000 ---p 00000000 00:00 0 
7f73e3bfd000-7f73e3cfd000 rw-p 00000000 00:00 0 
7f73e3cfd000-7f73e3d00000 ---p 00000000 00:00 0 
7f73e3d00000-7f73e3dfe000 rw-p 00000000 00:00 0 
7f73e3dfe000-7f73e3e01000 ---p 00000000 00:00 0 
7f73e3e01000-7f73e3eff000 rw-p 00000000 00:00 0 
7f73e3eff000-7f73e3f02000 ---p 00000000 00:00 0 
7f73e3f02000-7f73e4000000 rw-p 00000000 00:00 0 
7f73e4000000-7f73e4021000 rw-p 00000000 00:00 0 
7f73e4021000-7f73e8000000 ---p 00000000 00:00 0 
7f73e80e1000-7f73e80e4000 ---p 00000000 00:00 0 
7f73e80e4000-7f73e81e2000 rw-p 00000000 00:00 0 
7f73e81e2000-7f73e81e5000 ---p 00000000 00:00 0 
7f73e81e5000-7f73e82e3000 rw-p 00000000 00:00 0 
7f73e82e3000-7f73e82e6000 ---p 00000000 00:00 0 
7f73e82e6000-7f73e83e4000 rw-p 00000000 00:00 0 
7f73e83e4000-7f73e83e7000 ---p 00000000 00:00 0 
7f73e83e7000-7f73e84e5000 rw-p 00000000 00:00 0 
7f73e84e5000-7f73e84e8000 ---p 00000000 00:00 0 
7f73e84e8000-7f73e85e6000 rw-p 00000000 00:00 0 
7f73e85e6000-7f73e85e7000 ---p 00000000 00:00 0 
7f73e85e7000-7f73ec000000 rw-p 00000000 00:00 0 
7f73ec000000-7f73ec021000 rw-p 00000000 00:00 0 
7f73ec021000-7f73f0000000 ---p 00000000 00:00 0 
7f73f0000000-7f73f0021000 rw-p 00000000 00:00 0 
7f73f0021000-7f73f4000000 ---p 00000000 00:00 0 
7f73f4000000-7f73f4021000 rw-p 00000000 00:00 0 
7f73f4021000-7f73f8000000 ---p 00000000 00:00 0 
7f73f8000000-7f73f8021000 rw-p 00000000 00:00 0 
7f73f8021000-7f73fc000000 ---p 00000000 00:00 0 
7f73fc000000-7f73fc021000 rw-p 00000000 00:00 0 
7f73fc021000-7f7400000000 ---p 00000000 00:00 0 
7f7400012000-7f7400261000 rw-p 00000000 00:00 0 
7f7400261000-7f740042e000 r--s 043c2000 fd:01 17436002                   /usr/lib/jvm/java-1.8.0-openjdk-1.8.0.71-1.b15.el6_7.x86_64/jre/lib/rt.jar
7f740042e000-7f740093f000 rw-p 00000000 00:00 0 
7f740093f000-7f7400cff000 ---p 00000000 00:00 0 
7f7400cff000-7f7400eff000 rw-p 00000000 00:00 0 
7f7400eff000-7f7400f00000 ---p 00000000 00:00 0 
7f7400f00000-7f7401000000 rw-p 00000000 00:00 0 
7f7401000000-7f7401270000 rwxp 00000000 00:00 0 
7f7401270000-7f7410000000 ---p 00000000 00:00 0 
7f7410000000-7f7410285000 rw-p 00000000 00:00 0 
7f7410285000-7f7414000000 ---p 00000000 00:00 0 
7f7414010000-7f7414011000 ---p 00000000 00:00 0 
7f7414011000-7f7414111000 rw-p 00000000 00:00 0 
7f7414111000-7f7414112000 ---p 00000000 00:00 0 
7f7414112000-7f7414212000 rw-p 00000000 00:00 0 
7f7414212000-7f7414213000 ---p 00000000 00:00 0 
7f7414213000-7f7414313000 rw-p 00000000 00:00 0 
7f7414313000-7f7414314000 ---p 00000000 00:00 0 
7f7414314000-7f7414414000 rw-p 00000000 00:00 0 
7f7414414000-7f7414415000 ---p 00000000 00:00 0 
7f7414415000-7f7414515000 rw-p 00000000 00:00 0 
7f7414515000-7f7414516000 ---p 00000000 00:00 0 
7f7414516000-7f7414616000 rw-p 00000000 00:00 0 
7f7414616000-7f7414617000 ---p 00000000 00:00 0 
7f7414617000-7f7414a78000 rw-p 00000000 00:00 0 
7f7414a78000-7f7414e2e000 ---p 00000000 00:00 0 
7f7414e2e000-7f7414e36000 r-xp 00000000 fd:01 17435946                   /usr/lib/jvm/java-1.8.0-openjdk-1.8.0.71-1.b15.el6_7.x86_64/jre/lib/amd64/libzip.so
7f7414e36000-7f7415035000 ---p 00008000 fd:01 17435946                   /usr/lib/jvm/java-1.8.0-openjdk-1.8.0.71-1.b15.el6_7.x86_64/jre/lib/amd64/libzip.so
7f7415035000-7f7415036000 rw-p 00007000 fd:01 17435946                   /usr/lib/jvm/java-1.8.0-openjdk-1.8.0.71-1.b15.el6_7.x86_64/jre/lib/amd64/libzip.so
7f7415036000-7f7415042000 r-xp 00000000 fd:01 24903892                   /lib64/libnss_files-2.12.so
7f7415042000-7f7415242000 ---p 0000c000 fd:01 24903892                   /lib64/libnss_files-2.12.so
7f7415242000-7f7415243000 r--p 0000c000 fd:01 24903892                   /lib64/libnss_files-2.12.so
7f7415243000-7f7415244000 rw-p 0000d000 fd:01 24903892                   /lib64/libnss_files-2.12.so
7f741524a000-7f741524c000 rw-p 00000000 00:00 0 
7f741524c000-7f7415268000 r--s 0010d000 fd:01 15991770                   /home/phil/sirfgit/opensirf-play/activator-launch-1.3.6.jar
7f7415268000-7f7415292000 r-xp 00000000 fd:01 17435929                   /usr/lib/jvm/java-1.8.0-openjdk-1.8.0.71-1.b15.el6_7.x86_64/jre/lib/amd64/libjava.so
7f7415292000-7f7415491000 ---p 0002a000 fd:01 17435929                   /usr/lib/jvm/java-1.8.0-openjdk-1.8.0.71-1.b15.el6_7.x86_64/jre/lib/amd64/libjava.so
7f7415491000-7f7415493000 rw-p 00029000 fd:01 17435929                   /usr/lib/jvm/java-1.8.0-openjdk-1.8.0.71-1.b15.el6_7.x86_64/jre/lib/amd64/libjava.so
7f7415493000-7f74154a0000 r-xp 00000000 fd:01 17435945                   /usr/lib/jvm/java-1.8.0-openjdk-1.8.0.71-1.b15.el6_7.x86_64/jre/lib/amd64/libverify.so
7f74154a0000-7f74156a0000 ---p 0000d000 fd:01 17435945                   /usr/lib/jvm/java-1.8.0-openjdk-1.8.0.71-1.b15.el6_7.x86_64/jre/lib/amd64/libverify.so
7f74156a0000-7f74156a2000 rw-p 0000d000 fd:01 17435945                   /usr/lib/jvm/java-1.8.0-openjdk-1.8.0.71-1.b15.el6_7.x86_64/jre/lib/amd64/libverify.so
7f74156a2000-7f74156a5000 ---p 00000000 00:00 0 
7f74156a5000-7f74157a3000 rw-p 00000000 00:00 0 
7f74157a3000-7f74163c5000 r-xp 00000000 fd:01 17435950                   /usr/lib/jvm/java-1.8.0-openjdk-1.8.0.71-1.b15.el6_7.x86_64/jre/lib/amd64/server/libjvm.so
7f74163c5000-7f74165c5000 ---p 00c22000 fd:01 17435950                   /usr/lib/jvm/java-1.8.0-openjdk-1.8.0.71-1.b15.el6_7.x86_64/jre/lib/amd64/server/libjvm.so
7f74165c5000-7f7416693000 rw-p 00c22000 fd:01 17435950                   /usr/lib/jvm/java-1.8.0-openjdk-1.8.0.71-1.b15.el6_7.x86_64/jre/lib/amd64/server/libjvm.so
7f7416693000-7f74166c6000 rw-p 00000000 00:00 0 
7f74166cc000-7f74166e0000 rw-p 00000000 00:00 0 
7f74166e0000-7f74166e8000 rw-s 00000000 fd:01 6554570                    /tmp/hsperfdata_phil/22910
7f74166e8000-7f74166e9000 rw-p 00000000 00:00 0 
7f74166e9000-7f74166ea000 r--p 00000000 00:00 0 
7f74166ea000-7f74166eb000 rw-p 00000000 00:00 0 
7ffc95a1e000-7ffc95a33000 rw-p 00000000 00:00 0                          [stack]
7ffc95b55000-7ffc95b56000 r-xp 00000000 00:00 0                          [vdso]
ffffffffff600000-ffffffffff601000 r-xp 00000000 00:00 0                  [vsyscall]

VM Arguments:
jvm_args: -Dactivator.home=/home/phil/sirfgit/opensirf-play -Xms1024m -Xmx1024m -XX:MetaspaceSize=64m -XX:MaxMetaspaceSize=256m 
java_command: /home/phil/sirfgit/opensirf-play/activator-launch-1.3.6.jar run
java_class_path (initial): /home/phil/sirfgit/opensirf-play/activator-launch-1.3.6.jar
Launcher Type: SUN_STANDARD

Environment Variables:
PATH=/usr/lib64/qt-3.3/bin:/usr/local/bin:/usr/bin:/bin:/usr/local/sbin:/usr/sbin:/sbin:/opt/ibm/c4eb/bin:/home/phil/bin:/usr/kerberos/bin
USERNAME=phil
SHELL=/bin/bash
DISPLAY=:0.0

Signal Handlers:
SIGSEGV: [libjvm.so+0xa27e70], sa_mask[0]=11111111011111111101111111111110, sa_flags=SA_RESTART|SA_SIGINFO
SIGBUS: [libjvm.so+0xa27e70], sa_mask[0]=11111111011111111101111111111110, sa_flags=SA_RESTART|SA_SIGINFO
SIGFPE: [libjvm.so+0x8973e0], sa_mask[0]=11111111011111111101111111111110, sa_flags=SA_RESTART|SA_SIGINFO
SIGPIPE: [libjvm.so+0x8973e0], sa_mask[0]=11111111011111111101111111111110, sa_flags=SA_RESTART|SA_SIGINFO
SIGXFSZ: [libjvm.so+0x8973e0], sa_mask[0]=11111111011111111101111111111110, sa_flags=SA_RESTART|SA_SIGINFO
SIGILL: [libjvm.so+0x8973e0], sa_mask[0]=11111111011111111101111111111110, sa_flags=SA_RESTART|SA_SIGINFO
SIGUSR1: SIG_DFL, sa_mask[0]=00000000000000000000000000000000, sa_flags=none
SIGUSR2: [libjvm.so+0x8988c0], sa_mask[0]=00000000000000000000000000000000, sa_flags=SA_RESTART|SA_SIGINFO
SIGHUP: [libjvm.so+0x899fb0], sa_mask[0]=11111111011111111101111111111110, sa_flags=SA_RESTART|SA_SIGINFO
SIGINT: [libjvm.so+0x899fb0], sa_mask[0]=11111111011111111101111111111110, sa_flags=SA_RESTART|SA_SIGINFO
SIGTERM: [libjvm.so+0x899fb0], sa_mask[0]=11111111011111111101111111111110, sa_flags=SA_RESTART|SA_SIGINFO
SIGQUIT: [libjvm.so+0x899fb0], sa_mask[0]=11111111011111111101111111111110, sa_flags=SA_RESTART|SA_SIGINFO


---------------  S Y S T E M  ---------------

OS:Red Hat Enterprise Linux Workstation release 6.7 (Santiago)

uname:Linux 2.6.32-573.14.1.el6.x86_64 #1 SMP Thu Dec 17 14:49:33 EST 2015 x86_64
libc:glibc 2.12 NPTL 2.12 
rlimit: STACK 10240k, CORE 0k, NPROC 1024, NOFILE 2048, AS infinity
load average:0.32 0.33 0.20

/proc/meminfo:
MemTotal:       15936984 kB
MemFree:         2786800 kB
Buffers:          788416 kB
Cached:          5141212 kB
SwapCached:           32 kB
Active:          6991084 kB
Inactive:        2559488 kB
Active(anon):    3537708 kB
Inactive(anon):   741148 kB
Active(file):    3453376 kB
Inactive(file):  1818340 kB
Unevictable:          32 kB
Mlocked:              32 kB
SwapTotal:       8044540 kB
SwapFree:        8042460 kB
Dirty:               564 kB
Writeback:             0 kB
AnonPages:       3616756 kB
Mapped:          3472912 kB
Shmem:            657912 kB
Slab:             500812 kB
SReclaimable:     362824 kB
SUnreclaim:       137988 kB
KernelStack:       17888 kB
PageTables:        70760 kB
NFS_Unstable:          0 kB
Bounce:                0 kB
WritebackTmp:          0 kB
CommitLimit:    16013032 kB
Committed_AS:   14098568 kB
VmallocTotal:   34359738367 kB
VmallocUsed:      393620 kB
VmallocChunk:   34359337720 kB
HardwareCorrupted:     0 kB
AnonHugePages:   1431552 kB
HugePages_Total:       0
HugePages_Free:        0
HugePages_Rsvd:        0
HugePages_Surp:        0
Hugepagesize:       2048 kB
DirectMap4k:        6684 kB
DirectMap2M:     2740224 kB
DirectMap1G:    13631488 kB


CPU:total 8 (4 cores per cpu, 2 threads per core) family 6 model 60 stepping 3, cmov, cx8, fxsr, mmx, sse, sse2, sse3, ssse3, sse4.1, sse4.2, popcnt, avx, avx2, aes, clmul, erms, lzcnt, ht, tsc, tscinvbit, bmi1, bmi2

/proc/cpuinfo:
processor	: 0
vendor_id	: GenuineIntel
cpu family	: 6
model		: 60
model name	: Intel(R) Core(TM) i7-4800MQ CPU @ 2.70GHz
stepping	: 3
microcode	: 28
cpu MHz		: 800.000
cache size	: 6144 KB
physical id	: 0
siblings	: 8
core id		: 0
cpu cores	: 4
apicid		: 0
initial apicid	: 0
fpu		: yes
fpu_exception	: yes
cpuid level	: 13
wp		: yes
flags		: fpu vme de pse tsc msr pae mce cx8 apic sep mtrr pge mca cmov pat pse36 clflush dts acpi mmx fxsr sse sse2 ss ht tm pbe syscall nx pdpe1gb rdtscp lm constant_tsc arch_perfmon pebs bts rep_good xtopology nonstop_tsc aperfmperf pni pclmulqdq dtes64 monitor ds_cpl vmx smx est tm2 ssse3 fma cx16 xtpr pdcm pcid sse4_1 sse4_2 x2apic movbe popcnt tsc_deadline_timer aes xsave avx f16c rdrand lahf_lm abm ida arat epb xsaveopt pln pts dts tpr_shadow vnmi flexpriority ept vpid fsgsbase bmi1 avx2 smep bmi2 erms invpcid
bogomips	: 5387.88
clflush size	: 64
cache_alignment	: 64
address sizes	: 39 bits physical, 48 bits virtual
power management:

processor	: 1
vendor_id	: GenuineIntel
cpu family	: 6
model		: 60
model name	: Intel(R) Core(TM) i7-4800MQ CPU @ 2.70GHz
stepping	: 3
microcode	: 28
cpu MHz		: 800.000
cache size	: 6144 KB
physical id	: 0
siblings	: 8
core id		: 0
cpu cores	: 4
apicid		: 1
initial apicid	: 1
fpu		: yes
fpu_exception	: yes
cpuid level	: 13
wp		: yes
flags		: fpu vme de pse tsc msr pae mce cx8 apic sep mtrr pge mca cmov pat pse36 clflush dts acpi mmx fxsr sse sse2 ss ht tm pbe syscall nx pdpe1gb rdtscp lm constant_tsc arch_perfmon pebs bts rep_good xtopology nonstop_tsc aperfmperf pni pclmulqdq dtes64 monitor ds_cpl vmx smx est tm2 ssse3 fma cx16 xtpr pdcm pcid sse4_1 sse4_2 x2apic movbe popcnt tsc_deadline_timer aes xsave avx f16c rdrand lahf_lm abm ida arat epb xsaveopt pln pts dts tpr_shadow vnmi flexpriority ept vpid fsgsbase bmi1 avx2 smep bmi2 erms invpcid
bogomips	: 5387.88
clflush size	: 64
cache_alignment	: 64
address sizes	: 39 bits physical, 48 bits virtual
power management:

processor	: 2
vendor_id	: GenuineIntel
cpu family	: 6
model		: 60
model name	: Intel(R) Core(TM) i7-4800MQ CPU @ 2.70GHz
stepping	: 3
microcode	: 28
cpu MHz		: 800.000
cache size	: 6144 KB
physical id	: 0
siblings	: 8
core id		: 1
cpu cores	: 4
apicid		: 2
initial apicid	: 2
fpu		: yes
fpu_exception	: yes
cpuid level	: 13
wp		: yes
flags		: fpu vme de pse tsc msr pae mce cx8 apic sep mtrr pge mca cmov pat pse36 clflush dts acpi mmx fxsr sse sse2 ss ht tm pbe syscall nx pdpe1gb rdtscp lm constant_tsc arch_perfmon pebs bts rep_good xtopology nonstop_tsc aperfmperf pni pclmulqdq dtes64 monitor ds_cpl vmx smx est tm2 ssse3 fma cx16 xtpr pdcm pcid sse4_1 sse4_2 x2apic movbe popcnt tsc_deadline_timer aes xsave avx f16c rdrand lahf_lm abm ida arat epb xsaveopt pln pts dts tpr_shadow vnmi flexpriority ept vpid fsgsbase bmi1 avx2 smep bmi2 erms invpcid
bogomips	: 5387.88
clflush size	: 64
cache_alignment	: 64
address sizes	: 39 bits physical, 48 bits virtual
power management:

processor	: 3
vendor_id	: GenuineIntel
cpu family	: 6
model		: 60
model name	: Intel(R) Core(TM) i7-4800MQ CPU @ 2.70GHz
stepping	: 3
microcode	: 28
cpu MHz		: 800.000
cache size	: 6144 KB
physical id	: 0
siblings	: 8
core id		: 1
cpu cores	: 4
apicid		: 3
initial apicid	: 3
fpu		: yes
fpu_exception	: yes
cpuid level	: 13
wp		: yes
flags		: fpu vme de pse tsc msr pae mce cx8 apic sep mtrr pge mca cmov pat pse36 clflush dts acpi mmx fxsr sse sse2 ss ht tm pbe syscall nx pdpe1gb rdtscp lm constant_tsc arch_perfmon pebs bts rep_good xtopology nonstop_tsc aperfmperf pni pclmulqdq dtes64 monitor ds_cpl vmx smx est tm2 ssse3 fma cx16 xtpr pdcm pcid sse4_1 sse4_2 x2apic movbe popcnt tsc_deadline_timer aes xsave avx f16c rdrand lahf_lm abm ida arat epb xsaveopt pln pts dts tpr_shadow vnmi flexpriority ept vpid fsgsbase bmi1 avx2 smep bmi2 erms invpcid
bogomips	: 5387.88
clflush size	: 64
cache_alignment	: 64
address sizes	: 39 bits physical, 48 bits virtual
power management:

processor	: 4
vendor_id	: GenuineIntel
cpu family	: 6
model		: 60
model name	: Intel(R) Core(TM) i7-4800MQ CPU @ 2.70GHz
stepping	: 3
microcode	: 28
cpu MHz		: 800.000
cache size	: 6144 KB
physical id	: 0
siblings	: 8
core id		: 2
cpu cores	: 4
apicid		: 4
initial apicid	: 4
fpu		: yes
fpu_exception	: yes
cpuid level	: 13
wp		: yes
flags		: fpu vme de pse tsc msr pae mce cx8 apic sep mtrr pge mca cmov pat pse36 clflush dts acpi mmx fxsr sse sse2 ss ht tm pbe syscall nx pdpe1gb rdtscp lm constant_tsc arch_perfmon pebs bts rep_good xtopology nonstop_tsc aperfmperf pni pclmulqdq dtes64 monitor ds_cpl vmx smx est tm2 ssse3 fma cx16 xtpr pdcm pcid sse4_1 sse4_2 x2apic movbe popcnt tsc_deadline_timer aes xsave avx f16c rdrand lahf_lm abm ida arat epb xsaveopt pln pts dts tpr_shadow vnmi flexpriority ept vpid fsgsbase bmi1 avx2 smep bmi2 erms invpcid
bogomips	: 5387.88
clflush size	: 64
cache_alignment	: 64
address sizes	: 39 bits physical, 48 bits virtual
power management:

processor	: 5
vendor_id	: GenuineIntel
cpu family	: 6
model		: 60
model name	: Intel(R) Core(TM) i7-4800MQ CPU @ 2.70GHz
stepping	: 3
microcode	: 28
cpu MHz		: 2701.000
cache size	: 6144 KB
physical id	: 0
siblings	: 8
core id		: 2
cpu cores	: 4
apicid		: 5
initial apicid	: 5
fpu		: yes
fpu_exception	: yes
cpuid level	: 13
wp		: yes
flags		: fpu vme de pse tsc msr pae mce cx8 apic sep mtrr pge mca cmov pat pse36 clflush dts acpi mmx fxsr sse sse2 ss ht tm pbe syscall nx pdpe1gb rdtscp lm constant_tsc arch_perfmon pebs bts rep_good xtopology nonstop_tsc aperfmperf pni pclmulqdq dtes64 monitor ds_cpl vmx smx est tm2 ssse3 fma cx16 xtpr pdcm pcid sse4_1 sse4_2 x2apic movbe popcnt tsc_deadline_timer aes xsave avx f16c rdrand lahf_lm abm ida arat epb xsaveopt pln pts dts tpr_shadow vnmi flexpriority ept vpid fsgsbase bmi1 avx2 smep bmi2 erms invpcid
bogomips	: 5387.88
clflush size	: 64
cache_alignment	: 64
address sizes	: 39 bits physical, 48 bits virtual
power management:

processor	: 6
vendor_id	: GenuineIntel
cpu family	: 6
model		: 60
model name	: Intel(R) Core(TM) i7-4800MQ CPU @ 2.70GHz
stepping	: 3
microcode	: 28
cpu MHz		: 800.000
cache size	: 6144 KB
physical id	: 0
siblings	: 8
core id		: 3
cpu cores	: 4
apicid		: 6
initial apicid	: 6
fpu		: yes
fpu_exception	: yes
cpuid level	: 13
wp		: yes
flags		: fpu vme de pse tsc msr pae mce cx8 apic sep mtrr pge mca cmov pat pse36 clflush dts acpi mmx fxsr sse sse2 ss ht tm pbe syscall nx pdpe1gb rdtscp lm constant_tsc arch_perfmon pebs bts rep_good xtopology nonstop_tsc aperfmperf pni pclmulqdq dtes64 monitor ds_cpl vmx smx est tm2 ssse3 fma cx16 xtpr pdcm pcid sse4_1 sse4_2 x2apic movbe popcnt tsc_deadline_timer aes xsave avx f16c rdrand lahf_lm abm ida arat epb xsaveopt pln pts dts tpr_shadow vnmi flexpriority ept vpid fsgsbase bmi1 avx2 smep bmi2 erms invpcid
bogomips	: 5387.88
clflush size	: 64
cache_alignment	: 64
address sizes	: 39 bits physical, 48 bits virtual
power management:

processor	: 7
vendor_id	: GenuineIntel
cpu family	: 6
model		: 60
model name	: Intel(R) Core(TM) i7-4800MQ CPU @ 2.70GHz
stepping	: 3
microcode	: 28
cpu MHz		: 2701.000
cache size	: 6144 KB
physical id	: 0
siblings	: 8
core id		: 3
cpu cores	: 4
apicid		: 7
initial apicid	: 7
fpu		: yes
fpu_exception	: yes
cpuid level	: 13
wp		: yes
flags		: fpu vme de pse tsc msr pae mce cx8 apic sep mtrr pge mca cmov pat pse36 clflush dts acpi mmx fxsr sse sse2 ss ht tm pbe syscall nx pdpe1gb rdtscp lm constant_tsc arch_perfmon pebs bts rep_good xtopology nonstop_tsc aperfmperf pni pclmulqdq dtes64 monitor ds_cpl vmx smx est tm2 ssse3 fma cx16 xtpr pdcm pcid sse4_1 sse4_2 x2apic movbe popcnt tsc_deadline_timer aes xsave avx f16c rdrand lahf_lm abm ida arat epb xsaveopt pln pts dts tpr_shadow vnmi flexpriority ept vpid fsgsbase bmi1 avx2 smep bmi2 erms invpcid
bogomips	: 5387.88
clflush size	: 64
cache_alignment	: 64
address sizes	: 39 bits physical, 48 bits virtual
power management:



Memory: 4k page, physical 15936984k(2786800k free), swap 8044540k(8042460k free)

vm_info: OpenJDK 64-Bit Server VM (25.71-b15) for linux-amd64 JRE (1.8.0_71-b15), built on Jan 13 2016 21:08:08 by "mockbuild" with gcc 4.4.7 20120313 (Red Hat 4.4.7-16)

time: Thu Feb  4 12:38:11 2016
elapsed time: 0 seconds (0d 0h 0m 0s)

